current directory: /home/sym/project/ruby/hw-sinatra-saas-wordguesser-master/vendor/bundle/ruby/2.7.0/gems/byebug-5.0.0/ext/byebug
/usr/bin/ruby2.7 -I /usr/lib/ruby/2.7.0 -r ./siteconf20211020-26426-1pqnkgy.rb extconf.rb
creating Makefile

current directory: /home/sym/project/ruby/hw-sinatra-saas-wordguesser-master/vendor/bundle/ruby/2.7.0/gems/byebug-5.0.0/ext/byebug
make "DESTDIR=" clean

current directory: /home/sym/project/ruby/hw-sinatra-saas-wordguesser-master/vendor/bundle/ruby/2.7.0/gems/byebug-5.0.0/ext/byebug
make "DESTDIR="
compiling breakpoint.c
compiling byebug.c
compiling context.c
context.c: In function ‘call_with_debug_inspector’:
context.c:191:20: error: passing argument 1 of ‘rb_ensure’ from incompatible pointer type [-Werror=incompatible-pointer-types]
  191 |   return rb_ensure(open_debug_inspector, (VALUE) data, close_debug_inspector,
      |                    ^~~~~~~~~~~~~~~~~~~~
      |                    |
      |                    VALUE (*)(struct call_with_inspection_data *) {aka long unsigned int (*)(struct call_with_inspection_data *)}
In file included from /usr/include/ruby-2.7.0/ruby.h:33,
                 from ./byebug.h:4,
                 from context.c:1:
/usr/include/ruby-2.7.0/ruby/ruby.h:1990:17: note: expected ‘VALUE (*)(VALUE)’ {aka ‘long unsigned int (*)(long unsigned int)’} but argument is of type ‘VALUE (*)(struct call_with_inspection_data *)’ {aka ‘long unsigned int (*)(struct call_with_inspection_data *)’}
 1990 | VALUE rb_ensure(VALUE(*)(VALUE),VALUE,VALUE(*)(VALUE),VALUE);
      |                 ^~~~~~~~~~~~~~~
context.c:191:56: error: passing argument 3 of ‘rb_ensure’ from incompatible pointer type [-Werror=incompatible-pointer-types]
  191 |   return rb_ensure(open_debug_inspector, (VALUE) data, close_debug_inspector,
      |                                                        ^~~~~~~~~~~~~~~~~~~~~
      |                                                        |
      |                                                        VALUE (*)(struct call_with_inspection_data *) {aka long unsigned int (*)(struct call_with_inspection_data *)}
In file included from /usr/include/ruby-2.7.0/ruby.h:33,
                 from ./byebug.h:4,
                 from context.c:1:
/usr/include/ruby-2.7.0/ruby/ruby.h:1990:39: note: expected ‘VALUE (*)(VALUE)’ {aka ‘long unsigned int (*)(long unsigned int)’} but argument is of type ‘VALUE (*)(struct call_with_inspection_data *)’ {aka ‘long unsigned int (*)(struct call_with_inspection_data *)’}
 1990 | VALUE rb_ensure(VALUE(*)(VALUE),VALUE,VALUE(*)(VALUE),VALUE);
      |                                       ^~~~~~~~~~~~~~~
In file included from /usr/include/ruby-2.7.0/ruby/ruby.h:2148,
                 from /usr/include/ruby-2.7.0/ruby.h:33,
                 from ./byebug.h:4,
                 from context.c:1:
context.c: In function ‘Init_context’:
/usr/include/ruby-2.7.0/ruby/intern.h:1218:137: error: passing argument 3 of ‘rb_define_singleton_method1’ from incompatible pointer type [-Werror=incompatible-pointer-types]
 1218 | #define rb_define_singleton_method(klass, mid, func, arity) rb_define_singleton_method_choose_prototypem3((arity),(func))((klass),(mid),(func),(arity));
      |                                                                                                                                         ^~~~~~
      |                                                                                                                                         |
      |                                                                                                                                         VALUE (*)(VALUE) {aka long unsigned int (*)(long unsigned int)}
context.c:673:3: note: in expansion of macro ‘rb_define_singleton_method’
  673 |   rb_define_singleton_method(cDebugThread, "inherited", dt_inherited, 1);
      |   ^~~~~~~~~~~~~~~~~~~~~~~~~~
/usr/include/ruby-2.7.0/ruby/intern.h:1195:27: note: expected ‘VALUE (*)(VALUE,  VALUE)’ {aka ‘long unsigned int (*)(long unsigned int,  long unsigned int)’} but argument is of type ‘VALUE (*)(VALUE)’ {aka ‘long unsigned int (*)(long unsigned int)’}
 1195 | RB_METHOD_DEFINITION_DECL(rb_define_singleton_method, (2,3), (VALUE klass, const char *name), (klass, name))
      |                           ^~~~~~~~~~~~~~~~~~~~~~~~~~
/usr/include/ruby-2.7.0/ruby/intern.h:1042:82: note: in definition of macro ‘RB_METHOD_DEFINITION_DECL_C’
 1042 |     __attribute__((__unused__,__weakref__(#def),__nonnull__ nonnull))static void defname(RB_UNWRAP_MACRO decl,VALUE(*func)funcargs,int arity);
      |                                                                                  ^~~~~~~
/usr/include/ruby-2.7.0/ruby/intern.h:1075:1: note: in expansion of macro ‘RB_METHOD_DEFINITION_DECL_1’
 1075 | RB_METHOD_DEFINITION_DECL_1(def,nonnull,def##1 ,1 ,decl,vars,(VALUE,VALUE)) \
      | ^~~~~~~~~~~~~~~~~~~~~~~~~~~
/usr/include/ruby-2.7.0/ruby/intern.h:1195:1: note: in expansion of macro ‘RB_METHOD_DEFINITION_DECL’
 1195 | RB_METHOD_DEFINITION_DECL(rb_define_singleton_method, (2,3), (VALUE klass, const char *name), (klass, name))
      | ^~~~~~~~~~~~~~~~~~~~~~~~~
cc1: all warnings being treated as errors
make: *** [Makefile:245：context.o] 错误 1

make failed, exit code 2
